Build started 1/23/2013 1:18:12 PM.
     1>Project "C:\Users\Jason\Desktop\college work\program1\program1\program1.vcxproj" on node 2 (build target(s)).
     1>InitializeBuildStatus:
         Creating "Debug\program1.unsuccessfulbuild" because "AlwaysCreate" was specified.
       ClCompile:
         c:\Program Files (x86)\Microsoft Visual Studio 10.0\VC\bin\CL.exe /c /ZI /nologo /W3 /WX- /Od /Oy- /D WIN32 /D _DEBUG /D _CONSOLE /D _UNICODE /D UNICODE /Gm /EHsc /RTC1 /MDd /GS /fp:precise /Zc:wchar_t /Zc:forScope /Fo"Debug\\" /Fd"Debug\vc100.pdb" /Gd /TP /analyze- /errorReport:prompt ..\..\..\main.cpp
         main.cpp
       ManifestResourceCompile:
         All outputs are up-to-date.
       Link:
         c:\Program Files (x86)\Microsoft Visual Studio 10.0\VC\bin\link.exe /ERRORREPORT:PROMPT /OUT:"C:\Users\Jason\Desktop\college work\program1\Debug\program1.exe" /INCREMENTAL /NOLOGO kernel32.lib user32.lib gdi32.lib winspool.lib comdlg32.lib advapi32.lib shell32.lib ole32.lib oleaut32.lib uuid.lib odbc32.lib odbccp32.lib /MANIFEST /ManifestFile:"Debug\program1.exe.intermediate.manifest" /MANIFESTUAC:"level='asInvoker' uiAccess='false'" /DEBUG /PDB:"C:\Users\Jason\Desktop\college work\program1\Debug\program1.pdb" /SUBSYSTEM:CONSOLE /TLBID:1 /DYNAMICBASE /NXCOMPAT /IMPLIB:"C:\Users\Jason\Desktop\college work\program1\Debug\program1.lib" /MACHINE:X86 Debug\program1.exe.embed.manifest.res
         Debug\main.obj
       Manifest:
         C:\Program Files (x86)\Microsoft SDKs\Windows\v7.0A\bin\mt.exe /nologo /verbose /out:"Debug\program1.exe.embed.manifest" /manifest Debug\program1.exe.intermediate.manifest
         All outputs are up-to-date.
       LinkEmbedManifest:
         All outputs are up-to-date.
         program1.vcxproj -> C:\Users\Jason\Desktop\college work\program1\Debug\program1.exe
       FinalizeBuildStatus:
         Deleting file "Debug\program1.unsuccessfulbuild".
         Touching "Debug\program1.lastbuildstate".
     1>Done Building Project "C:\Users\Jason\Desktop\college work\program1\program1\program1.vcxproj" (build target(s)).

Build succeeded.

Time Elapsed 00:00:00.74
