Build started 3/1/2013 11:38:04 PM.
     1>Project "C:\Users\Jason\Desktop\college work\cs 211\program6\program6\program6.vcxproj" on node 2 (build target(s)).
     1>InitializeBuildStatus:
         Creating "Debug\program6.unsuccessfulbuild" because "AlwaysCreate" was specified.
       ClCompile:
         c:\Program Files (x86)\Microsoft Visual Studio 10.0\VC\bin\CL.exe /c /ZI /nologo /W3 /WX- /Od /Oy- /D WIN32 /D _DEBUG /D _CONSOLE /D _UNICODE /D UNICODE /Gm /EHsc /RTC1 /MDd /GS /fp:precise /Zc:wchar_t /Zc:forScope /Fo"Debug\\" /Fd"Debug\vc100.pdb" /Gd /TP /analyze- /errorReport:prompt ..\system_utilities.cpp
         system_utilities.cpp
       ManifestResourceCompile:
         All outputs are up-to-date.
       Link:
         c:\Program Files (x86)\Microsoft Visual Studio 10.0\VC\bin\link.exe /ERRORREPORT:PROMPT /OUT:"C:\Users\Jason\Desktop\college work\cs 211\program6\Debug\program6.exe" /INCREMENTAL /NOLOGO kernel32.lib user32.lib gdi32.lib winspool.lib comdlg32.lib advapi32.lib shell32.lib ole32.lib oleaut32.lib uuid.lib odbc32.lib odbccp32.lib /MANIFEST /ManifestFile:"Debug\program6.exe.intermediate.manifest" /MANIFESTUAC:"level='asInvoker' uiAccess='false'" /DEBUG /PDB:"C:\Users\Jason\Desktop\college work\cs 211\program6\Debug\program6.pdb" /SUBSYSTEM:CONSOLE /TLBID:1 /DYNAMICBASE /NXCOMPAT /IMPLIB:"C:\Users\Jason\Desktop\college work\cs 211\program6\Debug\program6.lib" /MACHINE:X86 Debug\program6.exe.embed.manifest.res
         Debug\disk_drive.obj
         Debug\machines.obj
         Debug\main.obj
         Debug\system_utilities.obj
       Manifest:
         C:\Program Files (x86)\Microsoft SDKs\Windows\v7.0A\bin\mt.exe /nologo /verbose /out:"Debug\program6.exe.embed.manifest" /manifest Debug\program6.exe.intermediate.manifest
         All outputs are up-to-date.
       LinkEmbedManifest:
         All outputs are up-to-date.
         program6.vcxproj -> C:\Users\Jason\Desktop\college work\cs 211\program6\Debug\program6.exe
       FinalizeBuildStatus:
         Deleting file "Debug\program6.unsuccessfulbuild".
         Touching "Debug\program6.lastbuildstate".
     1>Done Building Project "C:\Users\Jason\Desktop\college work\cs 211\program6\program6\program6.vcxproj" (build target(s)).

Build succeeded.

Time Elapsed 00:00:00.62
