Build started 3/17/2013 4:00:14 AM.
     1>Project "C:\Users\Jason\Desktop\college work\cs 211\program8\program8\program8.vcxproj" on node 2 (build target(s)).
     1>InitializeBuildStatus:
         Creating "Debug\program8.unsuccessfulbuild" because "AlwaysCreate" was specified.
       ClCompile:
         c:\Program Files (x86)\Microsoft Visual Studio 10.0\VC\bin\CL.exe /c /ZI /nologo /W3 /WX- /Od /Oy- /D WIN32 /D _DEBUG /D _CONSOLE /D _UNICODE /D UNICODE /Gm /EHsc /RTC1 /MDd /GS /fp:precise /Zc:wchar_t /Zc:forScope /Fo"Debug\\" /Fd"Debug\vc100.pdb" /Gd /TP /analyze- /errorReport:prompt ..\machines.cpp
         machines.cpp
     1>c:\users\jason\desktop\college work\cs 211\program8\machines.cpp(13): warning C4018: '<' : signed/unsigned mismatch
     1>c:\users\jason\desktop\college work\cs 211\program8\machines.cpp(123): warning C4018: '<' : signed/unsigned mismatch
     1>c:\users\jason\desktop\college work\cs 211\program8\machines.cpp(131): warning C4018: '<' : signed/unsigned mismatch
     1>c:\users\jason\desktop\college work\cs 211\program8\machines.cpp(139): warning C4018: '<' : signed/unsigned mismatch
     1>c:\users\jason\desktop\college work\cs 211\program8\machines.cpp(147): warning C4018: '<' : signed/unsigned mismatch
       ManifestResourceCompile:
         All outputs are up-to-date.
       Link:
         c:\Program Files (x86)\Microsoft Visual Studio 10.0\VC\bin\link.exe /ERRORREPORT:PROMPT /OUT:"C:\Users\Jason\Desktop\college work\cs 211\program8\Debug\program8.exe" /INCREMENTAL /NOLOGO kernel32.lib user32.lib gdi32.lib winspool.lib comdlg32.lib advapi32.lib shell32.lib ole32.lib oleaut32.lib uuid.lib odbc32.lib odbccp32.lib /MANIFEST /ManifestFile:"Debug\program8.exe.intermediate.manifest" /MANIFESTUAC:"level='asInvoker' uiAccess='false'" /DEBUG /PDB:"C:\Users\Jason\Desktop\college work\cs 211\program8\Debug\program8.pdb" /SUBSYSTEM:CONSOLE /TLBID:1 /DYNAMICBASE /NXCOMPAT /IMPLIB:"C:\Users\Jason\Desktop\college work\cs 211\program8\Debug\program8.lib" /MACHINE:X86 Debug\program8.exe.embed.manifest.res
         Debug\disk_drive.obj
         Debug\machines.obj
         Debug\main.obj
         Debug\system_utilities.obj
       Manifest:
         C:\Program Files (x86)\Microsoft SDKs\Windows\v7.0A\bin\mt.exe /nologo /verbose /out:"Debug\program8.exe.embed.manifest" /manifest Debug\program8.exe.intermediate.manifest
         All outputs are up-to-date.
       LinkEmbedManifest:
         All outputs are up-to-date.
         program8.vcxproj -> C:\Users\Jason\Desktop\college work\cs 211\program8\Debug\program8.exe
       FinalizeBuildStatus:
         Deleting file "Debug\program8.unsuccessfulbuild".
         Touching "Debug\program8.lastbuildstate".
     1>Done Building Project "C:\Users\Jason\Desktop\college work\cs 211\program8\program8\program8.vcxproj" (build target(s)).

Build succeeded.

Time Elapsed 00:00:00.81
